<?xml version="1.0" encoding="utf-8"?><testsuites><testsuite errors="0" failures="0" hostname="GMN012055853" name="pytest" skipped="0" tests="4" time="4.475" timestamp="2020-07-19T17:09:47.159647"><testcase classname="test_submit" file="test_submit.py" line="3" name="test_q1" time="0.092"></testcase><testcase classname="test_submit" file="test_submit.py" line="8" name="test_q2" time="0.073"></testcase><testcase classname="test_submit" file="test_submit.py" line="13" name="test_q3" time="0.107"></testcase><testcase classname="test_submit" file="test_submit.py" line="18" name="test_q4" time="0.664"></testcase></testsuite></testsuites>